<?xml version="1.0" encoding="UTF-8"?>
<!-- Generated by org.testng.reporters.JUnitXMLReporter -->
<testsuite hostname="DESKTOP-5DE6GCP" ignored="6" name="test1" tests="4" failures="0" timestamp="2020-08-20T15:53:59 EDT" time="69.794" errors="0">
  <testcase name="loginToSF" time="8.564" classname="com.sf.qa.testcases.LoginPageTest"/>
  <testcase name="clickOnAccounts" time="6.069" classname="com.sf.qa.testcases.HomePageTest"/>
  <testcase name="clickOnNewAccount" time="2.422" classname="com.sf.qa.testcases.AccountsPageTest"/>
  <testcase name="fillNewAccountInfo" time="4.387" classname="com.sf.qa.testcases.NewAccountPageTest"/>
  <testcase name="@BeforeSuite getReport" time="0.0" classname="com.sf.qa.base.TestBase">
    <ignored/>
  </testcase> <!-- @BeforeSuite getReport -->
  <testcase name="@BeforeSuite getReport" time="0.0" classname="com.sf.qa.base.TestBase">
    <ignored/>
  </testcase> <!-- @BeforeSuite getReport -->
  <testcase name="@BeforeSuite getReport" time="0.0" classname="com.sf.qa.base.TestBase">
    <ignored/>
  </testcase> <!-- @BeforeSuite getReport -->
  <testcase name="@AfterSuite flushRepost" time="0.0" classname="com.sf.qa.base.TestBase">
    <ignored/>
  </testcase> <!-- @AfterSuite flushRepost -->
  <testcase name="@AfterSuite flushRepost" time="0.0" classname="com.sf.qa.base.TestBase">
    <ignored/>
  </testcase> <!-- @AfterSuite flushRepost -->
  <testcase name="@AfterSuite flushRepost" time="0.0" classname="com.sf.qa.base.TestBase">
    <ignored/>
  </testcase> <!-- @AfterSuite flushRepost -->
</testsuite> <!-- test1 -->
