<?xml version="1.0" encoding="UTF-8"?>
<!-- Generated by org.testng.reporters.JUnitXMLReporter -->
<testsuite hostname="DESKTOP-5DE6GCP" ignored="4" name="test1" tests="3" failures="0" timestamp="2020-08-23T18:21:11 EDT" time="50.308" errors="0">
  <testcase name="loginToSF" time="7.056" classname="com.sf.qa.testcases.LoginPageTest"/>
  <testcase name="clickOnAccounts" time="5.243" classname="com.sf.qa.testcases.HomePageTest"/>
  <testcase name="clickOnNewAccount" time="1.626" classname="com.sf.qa.testcases.AccountsPageTest"/>
  <testcase name="@BeforeSuite getReport" time="0.0" classname="com.sf.qa.base.TestBase">
    <ignored/>
  </testcase> <!-- @BeforeSuite getReport -->
  <testcase name="@BeforeSuite getReport" time="0.0" classname="com.sf.qa.base.TestBase">
    <ignored/>
  </testcase> <!-- @BeforeSuite getReport -->
  <testcase name="@AfterSuite flushRepost" time="0.0" classname="com.sf.qa.base.TestBase">
    <ignored/>
  </testcase> <!-- @AfterSuite flushRepost -->
  <testcase name="@AfterSuite flushRepost" time="0.0" classname="com.sf.qa.base.TestBase">
    <ignored/>
  </testcase> <!-- @AfterSuite flushRepost -->
</testsuite> <!-- test1 -->
